<?xml version="1.0" encoding="UTF-8"?>
<!-- Generated by org.testng.reporters.JUnitReportReporter -->
<testsuite skipped="0" hostname="Mangesh" name="com.testng.ex.FirstScript" tests="1" failures="0" timestamp="7 Oct 2016 08:09:10 GMT" time="0.033" errors="0">
  <testcase name="test1" time="0.033" classname="com.testng.ex.FirstScript"/>
</testsuite> <!-- com.testng.ex.FirstScript -->
